{"level":"fatal","git_revision":"6849d1b412288cfe1589692b491b62c9bdd66e2c","go_version":"go1.21.0","time":"2023-09-18T06:49:14.348678701+03:00","message":"failed creating schema resources: querying server version pq: database \"teams_db\" does not exist"}
{"level":"fatal","git_revision":"6849d1b412288cfe1589692b491b62c9bdd66e2c","go_version":"go1.21.0","time":"2023-09-18T06:51:22.432565594+03:00","message":"failed creating schema resources: querying server version pq: database \"teams_db\" does not exist"}
{"level":"info","git_revision":"6849d1b412288cfe1589692b491b62c9bdd66e2c","go_version":"go1.21.0","port":"8089","time":"2023-09-18T06:51:57.568835254+03:00","message":"starting teams-service"}
{"level":"info","git_revision":"6849d1b412288cfe1589692b491b62c9bdd66e2c","go_version":"go1.21.0","port":"8089","time":"2023-09-18T06:52:37.092253666+03:00","message":"starting teams-service"}
{"level":"info","git_revision":"6849d1b412288cfe1589692b491b62c9bdd66e2c","go_version":"go1.21.0","port":"8089","time":"2023-09-18T06:52:51.633373366+03:00","message":"starting teams-service"}
{"level":"info","git_revision":"6849d1b412288cfe1589692b491b62c9bdd66e2c","go_version":"go1.21.0","port":"8089","time":"2023-09-18T06:53:21.612511087+03:00","message":"starting teams-service"}
{"level":"info","git_revision":"6849d1b412288cfe1589692b491b62c9bdd66e2c","go_version":"go1.21.0","port":"8089","time":"2023-09-18T06:53:41.760088155+03:00","message":"starting teams-service"}
{"level":"info","git_revision":"6849d1b412288cfe1589692b491b62c9bdd66e2c","go_version":"go1.21.0","port":"8089","time":"2023-09-18T06:54:17.797555502+03:00","message":"starting teams-service"}
{"level":"info","git_revision":"6849d1b412288cfe1589692b491b62c9bdd66e2c","go_version":"go1.21.0","port":"3000","time":"2023-09-18T06:55:57.028735315+03:00","message":"starting teams-service"}
{"level":"info","git_revision":"6849d1b412288cfe1589692b491b62c9bdd66e2c","go_version":"go1.21.0","correlation_id":"ck3skksmeqkrpod5lk20","method":"POST","url":"/teams","user_agent":"PostmanRuntime/7.29.3","status_code":201,"elapsed_ms":6.603109,"time":"2023-09-18T06:56:03.128678001+03:00","message":"incoming request"}
{"level":"info","git_revision":"6849d1b412288cfe1589692b491b62c9bdd66e2c","go_version":"go1.21.0","correlation_id":"ck3skmsmeqkrpod5lk2g","method":"POST","url":"/teams","user_agent":"PostmanRuntime/7.29.3","status_code":201,"elapsed_ms":4.802846,"time":"2023-09-18T06:56:11.318817914+03:00","message":"incoming request"}
{"level":"info","git_revision":"6849d1b412288cfe1589692b491b62c9bdd66e2c","go_version":"go1.21.0","port":"3000","time":"2023-09-18T06:56:35.115496239+03:00","message":"starting teams-service"}
{"level":"info","git_revision":"6849d1b412288cfe1589692b491b62c9bdd66e2c","go_version":"go1.21.0","correlation_id":"ck3sktcmeqkk7qvomb5g","method":"POST","url":"/teams","user_agent":"PostmanRuntime/7.29.3","status_code":201,"elapsed_ms":4.90387,"time":"2023-09-18T06:56:37.802721686+03:00","message":"incoming request"}
{"level":"info","git_revision":"6849d1b412288cfe1589692b491b62c9bdd66e2c","go_version":"go1.21.0","correlation_id":"ck3skvsmeqkk7qvomb60","method":"POST","url":"/teams","user_agent":"PostmanRuntime/7.29.3","status_code":400,"elapsed_ms":0.42093,"time":"2023-09-18T06:56:47.717278863+03:00","message":"incoming request"}
{"level":"info","git_revision":"6849d1b412288cfe1589692b491b62c9bdd66e2c","go_version":"go1.21.0","correlation_id":"ck3sl2kmeqkk7qvomb6g","method":"POST","url":"/teams","user_agent":"PostmanRuntime/7.29.3","status_code":201,"elapsed_ms":2.22434,"time":"2023-09-18T06:56:58.915333194+03:00","message":"incoming request"}
{"level":"info","git_revision":"6849d1b412288cfe1589692b491b62c9bdd66e2c","go_version":"go1.21.0","port":"3000","time":"2023-09-18T09:15:27.754373334+03:00","message":"starting teams-service"}
{"level":"info","git_revision":"6849d1b412288cfe1589692b491b62c9bdd66e2c","go_version":"go1.21.0","correlation_id":"ck3um4smeqkgm1nhu80g","method":"POST","url":"/teams","user_agent":"PostmanRuntime/7.29.3","status_code":201,"elapsed_ms":2.872474,"time":"2023-09-18T09:15:47.965838779+03:00","message":"incoming request"}
{"level":"info","git_revision":"6849d1b412288cfe1589692b491b62c9bdd66e2c","go_version":"go1.21.0","correlation_id":"ck3uncsmeqkgm1nhu810","method":"POST","url":"/teams","user_agent":"PostmanRuntime/7.29.3","status_code":400,"elapsed_ms":0.031491,"time":"2023-09-18T09:18:27.643482109+03:00","message":"incoming request"}
{"level":"info","git_revision":"6849d1b412288cfe1589692b491b62c9bdd66e2c","go_version":"go1.21.0","correlation_id":"ck3unfkmeqkgm1nhu81g","method":"POST","url":"/teams","user_agent":"PostmanRuntime/7.29.3","status_code":400,"elapsed_ms":0.046313,"time":"2023-09-18T09:18:38.830490433+03:00","message":"incoming request"}
{"level":"info","git_revision":"6849d1b412288cfe1589692b491b62c9bdd66e2c","go_version":"go1.21.0","correlation_id":"ck3unl4meqkgm1nhu820","method":"POST","url":"/teams","user_agent":"PostmanRuntime/7.29.3","status_code":201,"elapsed_ms":1.81001,"time":"2023-09-18T09:19:00.821212524+03:00","message":"incoming request"}
{"level":"info","git_revision":"6849d1b412288cfe1589692b491b62c9bdd66e2c","go_version":"go1.21.0","port":"3000","time":"2023-09-18T09:19:13.02547718+03:00","message":"starting teams-service"}
{"level":"info","git_revision":"6849d1b412288cfe1589692b491b62c9bdd66e2c","go_version":"go1.21.0","correlation_id":"ck3unpcmeqkgiq0at010","method":"POST","url":"/teams","user_agent":"PostmanRuntime/7.29.3","status_code":201,"elapsed_ms":2.357726,"time":"2023-09-18T09:19:17.312134785+03:00","message":"incoming request"}
{"level":"info","git_revision":"6849d1b412288cfe1589692b491b62c9bdd66e2c","go_version":"go1.21.0","correlation_id":"ck3urbcmeqkgiq0at01g","method":"POST","url":"/teams","user_agent":"PostmanRuntime/7.29.3","status_code":201,"elapsed_ms":14.327919,"time":"2023-09-18T09:26:53.077995316+03:00","message":"incoming request"}
{"level":"info","git_revision":"6849d1b412288cfe1589692b491b62c9bdd66e2c","go_version":"go1.21.0","correlation_id":"ck3urhsmeqkgiq0at020","method":"POST","url":"/teams","user_agent":"PostmanRuntime/7.29.3","status_code":400,"elapsed_ms":0.145687,"time":"2023-09-18T09:27:19.360738556+03:00","message":"incoming request"}
{"level":"info","git_revision":"6849d1b412288cfe1589692b491b62c9bdd66e2c","go_version":"go1.21.0","correlation_id":"ck3us34meqkgiq0at02g","method":"POST","url":"/teams","user_agent":"PostmanRuntime/7.29.3","status_code":400,"elapsed_ms":0.112097,"time":"2023-09-18T09:28:28.347022778+03:00","message":"incoming request"}
{"level":"info","git_revision":"6849d1b412288cfe1589692b491b62c9bdd66e2c","go_version":"go1.21.0","correlation_id":"ck3us5cmeqkgiq0at030","method":"POST","url":"/teams","user_agent":"PostmanRuntime/7.29.3","status_code":201,"elapsed_ms":2.185607,"time":"2023-09-18T09:28:37.24856025+03:00","message":"incoming request"}
{"level":"info","git_revision":"6849d1b412288cfe1589692b491b62c9bdd66e2c","go_version":"go1.21.0","correlation_id":"ck3us6kmeqkgiq0at03g","method":"POST","url":"/teams","user_agent":"PostmanRuntime/7.29.3","status_code":400,"elapsed_ms":0.048895,"time":"2023-09-18T09:28:42.338197224+03:00","message":"incoming request"}
{"level":"info","git_revision":"6849d1b412288cfe1589692b491b62c9bdd66e2c","go_version":"go1.21.0","correlation_id":"ck3uscsmeqkgiq0at040","method":"POST","url":"/teams","user_agent":"PostmanRuntime/7.29.3","status_code":201,"elapsed_ms":1.61479,"time":"2023-09-18T09:29:07.750043882+03:00","message":"incoming request"}
{"level":"info","git_revision":"6849d1b412288cfe1589692b491b62c9bdd66e2c","go_version":"go1.21.0","correlation_id":"ck3usmcmeqkgiq0at04g","method":"POST","url":"/teams","user_agent":"PostmanRuntime/7.29.3","status_code":400,"elapsed_ms":0.082377,"time":"2023-09-18T09:29:45.194987312+03:00","message":"incoming request"}
{"level":"info","git_revision":"6849d1b412288cfe1589692b491b62c9bdd66e2c","go_version":"go1.21.0","correlation_id":"ck3utf4meqkgiq0at050","method":"POST","url":"/teams","user_agent":"PostmanRuntime/7.29.3","status_code":201,"elapsed_ms":5.105242,"time":"2023-09-18T09:31:24.338619895+03:00","message":"incoming request"}
{"level":"info","git_revision":"6849d1b412288cfe1589692b491b62c9bdd66e2c","go_version":"go1.21.0","correlation_id":"ck3utgcmeqkgiq0at05g","method":"POST","url":"/teams","user_agent":"PostmanRuntime/7.29.3","status_code":400,"elapsed_ms":0.396752,"time":"2023-09-18T09:31:29.383061239+03:00","message":"incoming request"}
{"level":"info","git_revision":"6849d1b412288cfe1589692b491b62c9bdd66e2c","go_version":"go1.21.0","port":"3000","time":"2023-09-18T09:53:39.094778163+03:00","message":"starting teams-service"}
{"level":"info","git_revision":"6849d1b412288cfe1589692b491b62c9bdd66e2c","go_version":"go1.21.0","correlation_id":"ck3v7tsmeqkhr3m4p1s0","method":"POST","url":"/teams","user_agent":"PostmanRuntime/7.29.3","status_code":201,"elapsed_ms":1.970568,"time":"2023-09-18T09:53:43.145382957+03:00","message":"incoming request"}
{"level":"info","git_revision":"6849d1b412288cfe1589692b491b62c9bdd66e2c","go_version":"go1.21.0","correlation_id":"ck3v80cmeqkhr3m4p1sg","method":"POST","url":"/teams","user_agent":"PostmanRuntime/7.29.3","status_code":400,"elapsed_ms":1.181678,"time":"2023-09-18T09:53:53.230176745+03:00","message":"incoming request"}
{"level":"info","git_revision":"6849d1b412288cfe1589692b491b62c9bdd66e2c","go_version":"go1.21.0","correlation_id":"ck3v83smeqkhr3m4p1t0","method":"POST","url":"/teams","user_agent":"PostmanRuntime/7.29.3","status_code":400,"elapsed_ms":0.376946,"time":"2023-09-18T09:54:07.264229035+03:00","message":"incoming request"}
{"level":"info","git_revision":"6849d1b412288cfe1589692b491b62c9bdd66e2c","go_version":"go1.21.0","correlation_id":"ck3v86kmeqkhr3m4p1tg","method":"POST","url":"/teams","user_agent":"PostmanRuntime/7.29.3","status_code":400,"elapsed_ms":0.397679,"time":"2023-09-18T09:54:18.013889744+03:00","message":"incoming request"}
{"level":"info","git_revision":"6849d1b412288cfe1589692b491b62c9bdd66e2c","go_version":"go1.21.0","port":"3000","time":"2023-09-18T09:56:10.120992685+03:00","message":"starting teams-service"}
{"level":"info","git_revision":"6849d1b412288cfe1589692b491b62c9bdd66e2c","go_version":"go1.21.0","correlation_id":"ck3v92smeqkhonkqcj2g","method":"POST","url":"/teams","user_agent":"PostmanRuntime/7.29.3","status_code":400,"elapsed_ms":0.117075,"time":"2023-09-18T09:56:11.920888972+03:00","message":"incoming request"}
{"level":"info","git_revision":"6849d1b412288cfe1589692b491b62c9bdd66e2c","go_version":"go1.21.0","port":"3000","time":"2023-09-18T10:00:57.881923014+03:00","message":"starting teams-service"}
{"level":"info","git_revision":"6849d1b412288cfe1589692b491b62c9bdd66e2c","go_version":"go1.21.0","correlation_id":"ck3vbb4meqki1016v710","method":"POST","url":"/teams","user_agent":"PostmanRuntime/7.29.3","status_code":400,"elapsed_ms":0.196215,"time":"2023-09-18T10:01:00.07695548+03:00","message":"incoming request"}
{"level":"info","git_revision":"6849d1b412288cfe1589692b491b62c9bdd66e2c","go_version":"go1.21.0","correlation_id":"ck43sismeqki1016v71g","method":"GET","url":"/teams?page=0&size=10","user_agent":"PostmanRuntime/7.29.3","status_code":200,"elapsed_ms":42.369927,"time":"2023-09-18T15:10:51.89506027+03:00","message":"incoming request"}
{"level":"info","git_revision":"6849d1b412288cfe1589692b491b62c9bdd66e2c","go_version":"go1.21.0","correlation_id":"ck43sm4meqki1016v720","method":"GET","url":"/teams?page=1&size=10","user_agent":"PostmanRuntime/7.29.3","status_code":200,"elapsed_ms":4.487322,"time":"2023-09-18T15:11:04.599821978+03:00","message":"incoming request"}
{"level":"info","git_revision":"6849d1b412288cfe1589692b491b62c9bdd66e2c","go_version":"go1.21.0","correlation_id":"ck443f4meqki1016v72g","method":"GET","url":"/teams?page=1000&size=0","user_agent":"PostmanRuntime/7.29.3","status_code":200,"elapsed_ms":3.380186,"time":"2023-09-18T15:25:32.939491502+03:00","message":"incoming request"}
{"level":"info","git_revision":"6849d1b412288cfe1589692b491b62c9bdd66e2c","go_version":"go1.21.0","correlation_id":"ck443g4meqki1016v730","method":"GET","url":"/teams?page=1000&size=-1","user_agent":"PostmanRuntime/7.29.3","status_code":400,"elapsed_ms":2.147663,"time":"2023-09-18T15:25:36.967804141+03:00","message":"incoming request"}
{"level":"info","git_revision":"6849d1b412288cfe1589692b491b62c9bdd66e2c","go_version":"go1.21.0","correlation_id":"ck443hkmeqki1016v73g","method":"GET","url":"/teams?page=1000&size=0","user_agent":"PostmanRuntime/7.29.3","status_code":200,"elapsed_ms":0.740878,"time":"2023-09-18T15:25:42.2413292+03:00","message":"incoming request"}
{"level":"info","git_revision":"6849d1b412288cfe1589692b491b62c9bdd66e2c","go_version":"go1.21.0","correlation_id":"ck443jkmeqki1016v740","method":"GET","url":"/teams?page=1000&size=10","user_agent":"PostmanRuntime/7.29.3","status_code":200,"elapsed_ms":0.710268,"time":"2023-09-18T15:25:50.459066519+03:00","message":"incoming request"}
{"level":"info","git_revision":"6849d1b412288cfe1589692b491b62c9bdd66e2c","go_version":"go1.21.0","correlation_id":"ck443kcmeqki1016v74g","method":"GET","url":"/teams?page=1000&size=1","user_agent":"PostmanRuntime/7.29.3","status_code":200,"elapsed_ms":3.809819,"time":"2023-09-18T15:25:53.156070266+03:00","message":"incoming request"}
{"level":"info","git_revision":"6849d1b412288cfe1589692b491b62c9bdd66e2c","go_version":"go1.21.0","correlation_id":"ck443okmeqki1016v750","method":"GET","url":"/teams?page=1&size=1","user_agent":"PostmanRuntime/7.29.3","status_code":200,"elapsed_ms":0.664649,"time":"2023-09-18T15:26:10.420110517+03:00","message":"incoming request"}
{"level":"info","git_revision":"6849d1b412288cfe1589692b491b62c9bdd66e2c","go_version":"go1.21.0","correlation_id":"ck443psmeqki1016v75g","method":"GET","url":"/teams?page=0&size=1","user_agent":"PostmanRuntime/7.29.3","status_code":200,"elapsed_ms":0.715609,"time":"2023-09-18T15:26:15.999231596+03:00","message":"incoming request"}
{"level":"info","git_revision":"6849d1b412288cfe1589692b491b62c9bdd66e2c","go_version":"go1.21.0","correlation_id":"ck4440cmeqki1016v760","method":"GET","url":"/teams?page=1&size=1","user_agent":"PostmanRuntime/7.29.3","status_code":200,"elapsed_ms":0.618975,"time":"2023-09-18T15:26:41.25468871+03:00","message":"incoming request"}
{"level":"info","git_revision":"6849d1b412288cfe1589692b491b62c9bdd66e2c","go_version":"go1.21.0","correlation_id":"ck4446kmeqki1016v76g","method":"GET","url":"/teams?page=1&size=10","user_agent":"PostmanRuntime/7.29.3","status_code":200,"elapsed_ms":0.765812,"time":"2023-09-18T15:27:06.317663948+03:00","message":"incoming request"}
{"level":"info","git_revision":"6849d1b412288cfe1589692b491b62c9bdd66e2c","go_version":"go1.21.0","correlation_id":"ck444acmeqki1016v770","method":"GET","url":"/teams?page=0&size=10","user_agent":"PostmanRuntime/7.29.3","status_code":200,"elapsed_ms":0.659873,"time":"2023-09-18T15:27:21.961521233+03:00","message":"incoming request"}
{"level":"info","git_revision":"6849d1b412288cfe1589692b491b62c9bdd66e2c","go_version":"go1.21.0","correlation_id":"ck444bkmeqki1016v77g","method":"GET","url":"/teams?page=4&size=10","user_agent":"PostmanRuntime/7.29.3","status_code":200,"elapsed_ms":0.551982,"time":"2023-09-18T15:27:26.189285727+03:00","message":"incoming request"}
{"level":"info","git_revision":"6849d1b412288cfe1589692b491b62c9bdd66e2c","go_version":"go1.21.0","correlation_id":"ck4458smeqki1016v780","method":"GET","url":"/teams/83822dc5-1dc9-4730-b9c3-2dcca31e340d","user_agent":"PostmanRuntime/7.29.3","status_code":200,"elapsed_ms":3.363414,"time":"2023-09-18T15:29:23.654231557+03:00","message":"incoming request"}
{"level":"info","git_revision":"6849d1b412288cfe1589692b491b62c9bdd66e2c","go_version":"go1.21.0","correlation_id":"ck445vsmeqki1016v78g","method":"PUT","url":"/teams/83822dc5-1dc9-4730-b9c3-2dcca31e340d","user_agent":"PostmanRuntime/7.29.3","status_code":405,"elapsed_ms":0.021864,"time":"2023-09-18T15:30:55.890808282+03:00","message":"incoming request"}
{"level":"info","git_revision":"6849d1b412288cfe1589692b491b62c9bdd66e2c","go_version":"go1.21.0","correlation_id":"ck4463smeqki1016v790","method":"GET","url":"/teams","user_agent":"PostmanRuntime/7.29.3","status_code":200,"elapsed_ms":0.717936,"time":"2023-09-18T15:31:11.262092502+03:00","message":"incoming request"}
{"level":"info","git_revision":"6849d1b412288cfe1589692b491b62c9bdd66e2c","go_version":"go1.21.0","correlation_id":"ck4465cmeqki1016v79g","method":"PUT","url":"/teams","user_agent":"PostmanRuntime/7.29.3","status_code":200,"elapsed_ms":7.886804,"time":"2023-09-18T15:31:17.012619512+03:00","message":"incoming request"}
{"level":"info","git_revision":"6849d1b412288cfe1589692b491b62c9bdd66e2c","go_version":"go1.21.0","correlation_id":"ck446hcmeqki1016v7a0","method":"PUT","url":"/teams","user_agent":"PostmanRuntime/7.29.3","status_code":400,"elapsed_ms":2.203589,"time":"2023-09-18T15:32:05.301544795+03:00","message":"incoming request"}
{"level":"info","git_revision":"6849d1b412288cfe1589692b491b62c9bdd66e2c","go_version":"go1.21.0","correlation_id":"ck446kcmeqki1016v7ag","method":"PUT","url":"/teams","user_agent":"PostmanRuntime/7.29.3","status_code":200,"elapsed_ms":1.950673,"time":"2023-09-18T15:32:17.628866825+03:00","message":"incoming request"}
{"level":"info","git_revision":"6849d1b412288cfe1589692b491b62c9bdd66e2c","go_version":"go1.21.0","correlation_id":"ck446okmeqki1016v7b0","method":"PUT","url":"/teams","user_agent":"PostmanRuntime/7.29.3","status_code":400,"elapsed_ms":1.073632,"time":"2023-09-18T15:32:34.043365417+03:00","message":"incoming request"}
{"level":"info","git_revision":"6849d1b412288cfe1589692b491b62c9bdd66e2c","go_version":"go1.21.0","correlation_id":"ck446qkmeqki1016v7bg","method":"PUT","url":"/teams","user_agent":"PostmanRuntime/7.29.3","status_code":400,"elapsed_ms":0.055407,"time":"2023-09-18T15:32:42.375020475+03:00","message":"incoming request"}
{"level":"info","git_revision":"6849d1b412288cfe1589692b491b62c9bdd66e2c","go_version":"go1.21.0","correlation_id":"ck446s4meqki1016v7c0","method":"PUT","url":"/teams","user_agent":"PostmanRuntime/7.29.3","status_code":400,"elapsed_ms":0.058274,"time":"2023-09-18T15:32:48.805978869+03:00","message":"incoming request"}
{"level":"info","git_revision":"6849d1b412288cfe1589692b491b62c9bdd66e2c","go_version":"go1.21.0","correlation_id":"ck446v4meqki1016v7cg","method":"PUT","url":"/teams","user_agent":"PostmanRuntime/7.29.3","status_code":200,"elapsed_ms":1.392264,"time":"2023-09-18T15:33:00.796935253+03:00","message":"incoming request"}
{"level":"info","git_revision":"6849d1b412288cfe1589692b491b62c9bdd66e2c","go_version":"go1.21.0","correlation_id":"ck4472cmeqki1016v7d0","method":"DELETE","url":"/teams/83822dc5-1dc9-4730-b9c3-2dcca31e340d","user_agent":"PostmanRuntime/7.29.3","status_code":200,"elapsed_ms":3.184232,"time":"2023-09-18T15:33:13.41512978+03:00","message":"incoming request"}
{"level":"info","git_revision":"6849d1b412288cfe1589692b491b62c9bdd66e2c","go_version":"go1.21.0","correlation_id":"ck4473cmeqki1016v7dg","method":"GET","url":"/teams/83822dc5-1dc9-4730-b9c3-2dcca31e340d","user_agent":"PostmanRuntime/7.29.3","status_code":200,"elapsed_ms":0.48423,"time":"2023-09-18T15:33:17.328597857+03:00","message":"incoming request"}
